<?xml version="1.0" encoding="UTF-8"?>
<testsuite xmlns:xsi="http://www.w3.org/2001/XMLSchema-instance" xsi:noNamespaceSchemaLocation="https://maven.apache.org/surefire/maven-surefire-plugin/xsd/surefire-test-report.xsd" version="3.0.2" name="com.peter.save_bulgaria.SaveBulgariaApplicationTests" time="4.379" tests="1" errors="0" skipped="0" failures="0">
  <properties>
[...]
</properties>
  <testcase name="contextLoads" classname="com.peter.save_bulgaria.SaveBulgariaApplicationTests" time="0.331">
    <system-out><![CDATA[18:07:38.133 [main] INFO org.springframework.test.context.support.AnnotationConfigContextLoaderUtils -- Could not detect default configuration classes for test class [com.peter.save_bulgaria.SaveBulgariaApplicationTests]: SaveBulgariaApplicationTests does not declare any static, non-private, non-final, nested classes annotated with @Configuration.
18:07:38.247 [main] INFO org.springframework.boot.test.context.SpringBootTestContextBootstrapper -- Found @SpringBootConfiguration com.peter.save_bulgaria.SaveBulgariaApplication for test class com.peter.save_bulgaria.SaveBulgariaApplicationTests
18:07:38.402 [main] INFO org.springframework.boot.devtools.restart.RestartApplicationListener -- Restart disabled due to context in which it is running

  .   ____          _            __ _ _
 /\\ / ___'_ __ _ _(_)_ __  __ _ \ \ \ \
( ( )\___ | '_ | '_| | '_ \/ _` | \ \ \ \
 \\/  ___)| |_)| | | | | || (_| |  ) ) ) )
  '  |____| .__|_| |_|_| |_\__, | / / / /
 =========|_|==============|___/=/_/_/_/

 :: Spring Boot ::                (v3.5.3)

2025-07-03 18:07:38 - Starting SaveBulgariaApplicationTests using Java 22.0.2 with PID 71588 (started by peterdiman7 in /Users/peterdiman7/Desktop/save-bulgaria)
2025-07-03 18:07:38 - No active profile set, falling back to 1 default profile: "default"
2025-07-03 18:07:39 - Bootstrapping Spring Data JPA repositories in DEFAULT mode.
2025-07-03 18:07:39 - Finished Spring Data repository scanning in 34 ms. Found 2 JPA repository interfaces.
2025-07-03 18:07:39 - HHH000204: Processing PersistenceUnitInfo [name: default]
2025-07-03 18:07:39 - HHH000412: Hibernate ORM core version 6.6.18.Final
2025-07-03 18:07:39 - HHH000026: Second-level cache disabled
2025-07-03 18:07:40 - No LoadTimeWeaver setup: ignoring JPA class transformer
2025-07-03 18:07:40 - HikariPool-1 - Starting...
2025-07-03 18:07:40 - HikariPool-1 - Added connection org.postgresql.jdbc.PgConnection@4468fda8
2025-07-03 18:07:40 - HikariPool-1 - Start completed.
2025-07-03 18:07:40 - HHH90000025: PostgreSQLDialect does not need to be specified explicitly using 'hibernate.dialect' (remove the property setting and it will be selected by default)
2025-07-03 18:07:40 - HHH10001005: Database info:
	Database JDBC URL [Connecting through datasource 'HikariDataSource (HikariPool-1)']
	Database driver: undefined/unknown
	Database version: 16.3
	Autocommit mode: undefined/unknown
	Isolation level: undefined/unknown
	Minimum pool size: undefined/unknown
	Maximum pool size: undefined/unknown
2025-07-03 18:07:40 - HHH000489: No JTA platform available (set 'hibernate.transaction.jta.platform' to enable JTA platform integration)
2025-07-03 18:07:40 - Initialized JPA EntityManagerFactory for persistence unit 'default'
2025-07-03 18:07:41 - Hibernate is in classpath; If applicable, HQL parser will be used.
2025-07-03 18:07:41 - spring.jpa.open-in-view is enabled by default. Therefore, database queries may be performed during view rendering. Explicitly configure spring.jpa.open-in-view to disable this warning
2025-07-03 18:07:41 - No authenticationProviders and no parentAuthenticationManager defined. Returning null.
2025-07-03 18:07:41 - Will secure any request with filters: DisableEncodeUrlFilter, WebAsyncManagerIntegrationFilter, SecurityContextHolderFilter, HeaderWriterFilter, CorsFilter, LogoutFilter, RequestCacheAwareFilter, SecurityContextHolderAwareRequestFilter, AnonymousAuthenticationFilter, SessionManagementFilter, ExceptionTranslationFilter, AuthorizationFilter
2025-07-03 18:07:42 - Started SaveBulgariaApplicationTests in 3.641 seconds (process running for 4.541)
]]></system-out>
    <system-err><![CDATA[Mockito is currently self-attaching to enable the inline-mock-maker. This will no longer work in future releases of the JDK. Please add Mockito as an agent to your build as described in Mockito's documentation: https://javadoc.io/doc/org.mockito/mockito-core/latest/org.mockito/org/mockito/Mockito.html#0.3
WARNING: A Java agent has been loaded dynamically (/Users/peterdiman7/.m2/repository/net/bytebuddy/byte-buddy-agent/1.17.6/byte-buddy-agent-1.17.6.jar)
WARNING: If a serviceability tool is in use, please run with -XX:+EnableDynamicAgentLoading to hide this warning
WARNING: If a serviceability tool is not in use, please run with -Djdk.instrument.traceUsage for more information
WARNING: Dynamic loading of agents will be disallowed by default in a future release
]]></system-err>
  </testcase>
</testsuite>